 1.00001     0.00285
 0.99903     0.00303
 0.99608     0.00354
 0.99118     0.00441
 0.98434     0.00561
 0.97561     0.00715
 0.96500     0.00900
 0.95257     0.01113
 0.93836     0.01355
 0.92243     0.01623
 0.90484     0.01914
 0.88566     0.02226
 0.86497     0.02555
 0.84285     0.02898
 0.81938     0.03252
 0.79466     0.03616
 0.76879     0.03982
 0.74185     0.04348
 0.71397     0.04709
 0.68525     0.05071
 0.65582     0.05429
 0.62577     0.05772
 0.59523     0.06095
 0.56432     0.06397
 0.53316     0.06673
 0.50188     0.06925
 0.47060     0.07144
 0.43944     0.07333
 0.40854     0.07481
 0.37801     0.07591
 0.34797     0.07654
 0.31854     0.07675
 0.28984     0.07645
 0.26198     0.07570
 0.23507     0.07444
 0.20921     0.07269
 0.18452     0.07047
 0.16107     0.06775
 0.13896     0.06462
 0.11827     0.06102
 0.09907     0.05710
 0.08144     0.05272
 0.06542     0.04811
 0.05110     0.04304
 0.03848     0.03779
 0.02760     0.03227
 0.01848     0.02650
 0.01110     0.02054
 0.00552     0.01425
 0.00174     0.00762
-0.00003     0.00052
 0.00260    -0.00586
 0.00757    -0.01093
 0.01399    -0.01564
 0.02197    -0.02005
 0.03158    -0.02416
 0.04283    -0.02809
 0.05574    -0.03168
 0.07029    -0.03503
 0.08644    -0.03807
 0.10416    -0.04076
 0.12339    -0.04314
 0.14406    -0.04508
 0.16611    -0.04671
 0.18945    -0.04786
 0.21401    -0.04868
 0.23968    -0.04902
 0.26639    -0.04901
 0.29402    -0.04854
 0.32247    -0.04770
 0.35163    -0.04646
 0.38139    -0.04487
 0.41163    -0.04297
 0.44225    -0.04081
 0.47312    -0.03846
 0.50412    -0.03592
 0.53514    -0.03329
 0.56605    -0.03054
 0.59674    -0.02781
 0.62708    -0.02508
 0.65695    -0.02245
 0.68623    -0.01990
 0.71481    -0.01748
 0.74257    -0.01515
 0.76941    -0.01299
 0.79520    -0.01097
 0.81985    -0.00913
 0.84326    -0.00747
 0.86533    -0.00598
 0.88598    -0.00465
 0.90511    -0.00348
 0.92267    -0.00247
 0.93856    -0.00159
 0.95274    -0.00087
 0.96514    -0.00028
 0.97571     0.00018
 0.98442     0.00054
 0.99123     0.00081
 0.99611     0.00098
 0.99904     0.00107
 1.00002     0.00109
