 1.00002     0.00398
 0.99411     0.00496
 0.98214     0.00697
 0.96862     0.00926
 0.95481     0.01156
 0.94096     0.01385
 0.92710     0.01613
 0.91324     0.01839
 0.89938     0.02065
 0.88551     0.02285
 0.87164     0.02503
 0.85777     0.02718
 0.84390     0.02929
 0.83002     0.03137
 0.81614     0.03343
 0.80226     0.03545
 0.78838     0.03742
 0.77448     0.03935
 0.76059     0.04124
 0.74668     0.04307
 0.73277     0.04483
 0.71884     0.04655
 0.70803     0.04784
 0.70441     0.04827
 0.70260     0.04848
 0.69914     0.04893
 0.69223     0.04981
 0.67830     0.05153
 0.66437     0.05319
 0.65751     0.05398
 0.64724     0.05516
 0.63650     0.05635
 0.62255     0.05783
 0.60633     0.05946
 0.59468     0.06059
 0.58077     0.06189
 0.56686     0.06312
 0.55579     0.06405
 0.54683     0.06477
 0.53881     0.06540
 0.52489     0.06646
 0.51097     0.06747
 0.49703     0.06841
 0.48306     0.06926
 0.46911     0.07006
 0.45516     0.07081
 0.44121     0.07150
 0.42726     0.07209
 0.41331     0.07257
 0.39936     0.07299
 0.38541     0.07335
 0.37147     0.07360
 0.35754     0.07373
 0.34360     0.07376
 0.32967     0.07373
 0.31575     0.07361
 0.30184     0.07334
 0.28794     0.07292
 0.27406     0.07243
 0.26018     0.07185
 0.24632     0.07110
 0.23250     0.07016
 0.21868     0.06912
 0.20490     0.06798
 0.19116     0.06662
 0.17747     0.06504
 0.16382     0.06335
 0.15022     0.06151
 0.13671     0.05935
 0.12329     0.05699
 0.10995     0.05452
 0.09678     0.05167
 0.08377     0.04849
 0.07094     0.04517
 0.05848     0.04120
 0.04638     0.03687
 0.03487     0.03214
 0.02441     0.02683
 0.01566     0.02142
 0.00937     0.01637
 0.00545     0.01214
 0.00307     0.00885
 0.00155     0.00621
 0.00056     0.00398
 0.00004     0.00214
-0.00005     0.00066
 0.00025    -0.00070
 0.00108    -0.00212
 0.00263    -0.00351
 0.00500    -0.00486
 0.00840    -0.00643
 0.01349    -0.00836
 0.02115    -0.01068
 0.03134    -0.01296
 0.04313    -0.01496
 0.05569    -0.01675
 0.06868    -0.01798
 0.08187    -0.01921
 0.09524    -0.02008
 0.10873    -0.02074
 0.12229    -0.02137
 0.13591    -0.02172
 0.14960    -0.02192
 0.16331    -0.02210
 0.17707    -0.02214
 0.19084    -0.02199
 0.20464    -0.02181
 0.21847    -0.02159
 0.23233    -0.02122
 0.24621    -0.02074
 0.26013    -0.02024
 0.27407    -0.01969
 0.28805    -0.01903
 0.30204    -0.01826
 0.31605    -0.01746
 0.33008    -0.01663
 0.34412    -0.01573
 0.35817    -0.01473
 0.37221    -0.01369
 0.38628    -0.01264
 0.40036    -0.01156
 0.41445    -0.01042
 0.42852    -0.00925
 0.44259    -0.00809
 0.45665    -0.00694
 0.47070    -0.00577
 0.48474    -0.00458
 0.49876    -0.00339
 0.51278    -0.00223
 0.52680    -0.00109
 0.54081     0.00005
 0.54838     0.00067
 0.55799     0.00145
 0.56831     0.00227
 0.58177     0.00329
 0.59495     0.00425
 0.60885     0.00525
 0.62245     0.00619
 0.63606     0.00706
 0.64566     0.00763
 0.65469     0.00814
 0.66331     0.00861
 0.67700     0.00932
 0.69070     0.00998
 0.69660     0.01024
 0.69961     0.01037
 0.70600     0.01064
 0.71856     0.01112
 0.73247     0.01161
 0.74637     0.01204
 0.76025     0.01238
 0.77414     0.01265
 0.78804     0.01286
 0.80193     0.01299
 0.81583     0.01302
 0.82973     0.01296
 0.84363     0.01281
 0.85753     0.01257
 0.87143     0.01223
 0.88533     0.01180
 0.89923     0.01128
 0.91312     0.01064
 0.92701     0.00991
 0.94089     0.00907
 0.95476     0.00809
 0.96860     0.00697
 0.98217     0.00569
 0.99414     0.00447
 1.00004     0.00376
