 1.00001     0.00178
 0.99649     0.00260
 0.98668     0.00507
 0.97190     0.00886
 0.95266     0.01333
 0.92865     0.01828
 0.89986     0.02381
 0.86671     0.02984
 0.82968     0.03627
 0.78930     0.04297
 0.74611     0.04973
 0.70070     0.05634
 0.65367     0.06288
 0.60560     0.06889
 0.55705     0.07418
 0.50858     0.07862
 0.46072     0.08202
 0.41380     0.08417
 0.36802     0.08495
 0.32357     0.08428
 0.28054     0.08220
 0.23921     0.07887
 0.19999     0.07439
 0.16332     0.06881
 0.12955     0.06233
 0.09906     0.05514
 0.07215     0.04728
 0.04922     0.03882
 0.03041     0.03008
 0.01597     0.02114
 0.00611     0.01226
 0.00463     0.01043
 0.00151     0.00554
 0.00032     0.00260
-0.00003     0.00062
 0.00006    -0.00053
 0.00045    -0.00164
 0.00169    -0.00334
 0.00434    -0.00545
 0.00992    -0.00854
 0.01999    -0.01250
 0.03723    -0.01703
 0.05929    -0.02101
 0.08601    -0.02432
 0.11712    -0.02696
 0.15219    -0.02886
 0.19079    -0.03002
 0.23242    -0.03037
 0.27657    -0.02979
 0.32290    -0.02814
 0.37114    -0.02539
 0.42115    -0.02158
 0.47296    -0.01695
 0.52625    -0.01191
 0.58031    -0.00687
 0.63436    -0.00223
 0.68759     0.00169
 0.73915     0.00476
 0.78817     0.00686
 0.83380     0.00797
 0.87524     0.00812
 0.91173     0.00750
 0.94257     0.00632
 0.96723     0.00484
 0.98527     0.00333
 0.99630     0.00215
 1.00002     0.00167
